1565425288060	mozrunner::runner	INFO	Running command: "C:\\Program Files (x86)\\Mozilla Firefox\\firefox.exe" "-marionette" "-foreground" "-no-remote" "-profile" "C:\\Users\\SUDHAN~1\\AppData\\Local\\Temp\\rust_mozprofile.dyVFsExEuvYf"
1565425289248	addons.webextension.screenshots@mozilla.org	WARN	Loading extension 'screenshots@mozilla.org': Reading manifest: Invalid extension permission: mozillaAddons
1565425289249	addons.webextension.screenshots@mozilla.org	WARN	Loading extension 'screenshots@mozilla.org': Reading manifest: Invalid extension permission: telemetry
1565425289249	addons.webextension.screenshots@mozilla.org	WARN	Loading extension 'screenshots@mozilla.org': Reading manifest: Invalid extension permission: resource://pdf.js/
1565425289249	addons.webextension.screenshots@mozilla.org	WARN	Loading extension 'screenshots@mozilla.org': Reading manifest: Invalid extension permission: about:reader*
1565425294785	Marionette	INFO	Listening on port 63566
1565425295181	Marionette	WARN	TLS certificate errors will be ignored for this session
JavaScript error: chrome://marionette/content/proxy.js, line 275: NS_ERROR_ILLEGAL_VALUE
[Child 10176, Chrome_ChildThread] WARNING: pipe error: 109: file z:/task_1563378307/build/src/ipc/chromium/src/chrome/common/ipc_channel_win.cc, line 341
[Child 10176,1565425312370	Marionette	INFO	Stopped listening on port 63566

###!!! [Child][RunMessage] Error: Channel closing: too late to send/recv, messages will be lost

[GPU 122
###!!! [Child][MessageChannel::SendAndWait] Error: Channel error: cannot send/recv

1565425335491	mozrunner::runner	INFO	Running command: "C:\\Program Files (x86)\\Mozilla Firefox\\firefox.exe" "-marionette" "-foreground" "-no-remote" "-profile" "C:\\Users\\SUDHAN~1\\AppData\\Local\\Temp\\rust_mozprofile.wqFavldLp8Ju"
1565425336406	addons.webextension.screenshots@mozilla.org	WARN	Loading extension 'screenshots@mozilla.org': Reading manifest: Invalid extension permission: mozillaAddons
1565425336406	addons.webextension.screenshots@mozilla.org	WARN	Loading extension 'screenshots@mozilla.org': Reading manifest: Invalid extension permission: telemetry
1565425336406	addons.webextension.screenshots@mozilla.org	WARN	Loading extension 'screenshots@mozilla.org': Reading manifest: Invalid extension permission: resource://pdf.js/
1565425336407	addons.webextension.screenshots@mozilla.org	WARN	Loading extension 'screenshots@mozilla.org': Reading manifest: Invalid extension permission: about:reader*
1565425341145	Marionette	INFO	Listening on port 63641
1565425341507	Marionette	WARN	TLS certificate errors will be ignored for this session
1565425343419	Marionette	INFO	Stopped listening on port 63641
JavaScript error: resource://activity-stream/lib/ActivityStreamPrefs.jsm, line 23: NS_ERROR_ILLEGAL_VALUE: Component returned failure code: 0x80070057 (NS_ERROR_ILLEGAL_VALUE) [nsIPrefBranch.removeObserver]
[Child 9308, Chrome_ChildThread] WARNING: pipe error: 109: file z:/task_1563378307/build/src/ipc/chromium/src/chrome/common/ipc_channel_win.cc, line 341
[Child 9308, Chrom[Child 6604, Chrome_ChildThread] WARNING: pipe error: 109: file z:/task_1563378307/build/src/ipc/chromium/src/chrome/common/ipc_channel_win.cc, line 341
[Child 6604, Chrome_Chil[Child 13756, Chrome_ChildThread] WARNING: pipe error: 109: file z:/task_1563378307/build/src/ipc/chromium/src/chrome/common/ipc_channel_win.cc, line 341
[Child 1375console.error: PushService: 
  stateChangeProcessEnqueue: Error transitioning state
  Message: Error: Data is not ready.
  Stack:
    get data@resource://gre/modules/JSONFile.jsm:159:13
getListeners@resource://gre/modules/PushBroadcastService.jsm:57:5
observe@resource://gre/modules/AsyncShutdown.jsm:532:16

JavaScript error: resource://gre/modules/ExtensionSettingsStore.jsm, line 105: Error: The ExtensionSettingsStore was accessed before the initialize promise resolved.
JavaScript error: resource://gre/modules/Sqlite.jsm, line 834: Error: Connection is not open.
console.log: "RemoteSettingsWorker error: UnknownError: The operation failed for reasons unrelated to the database itself and not covered by any other error code."

###!!! [Parent][DispatchAsyncMessage] Error: PBackgroundIDBFactory::Msg_PBackgroundIDBFactoryRequestConstructor Value error: message was deserialized, but contained an illegal value


###!!! [Child][MessageChannel::SendAndWait] Error: Channel error: cannot send/recv

1565425957993	mozrunner::runner	INFO	Running command: "C:\\Program Files (x86)\\Mozilla Firefox\\firefox.exe" "-marionette" "-foreground" "-no-remote" "-profile" "C:\\Users\\SUDHAN~1\\AppData\\Local\\Temp\\rust_mozprofile.DWKRcK8EkAMq"
1565425959058	addons.webextension.screenshots@mozilla.org	WARN	Loading extension 'screenshots@mozilla.org': Reading manifest: Invalid extension permission: mozillaAddons
1565425959058	addons.webextension.screenshots@mozilla.org	WARN	Loading extension 'screenshots@mozilla.org': Reading manifest: Invalid extension permission: telemetry
1565425959059	addons.webextension.screenshots@mozilla.org	WARN	Loading extension 'screenshots@mozilla.org': Reading manifest: Invalid extension permission: resource://pdf.js/
1565425959059	addons.webextension.screenshots@mozilla.org	WARN	Loading extension 'screenshots@mozilla.org': Reading manifest: Invalid extension permission: about:reader*
1565425962530	Marionette	INFO	Listening on port 63828
1565425962911	Marionette	WARN	TLS certificate errors will be ignored for this session
[Child 6604, Chrome_ChildThread] WARNING: pipe error: 109: file z:/task_1563378307/build/src/ipc/chromium/src/chrome/common/ipc_channel_win.cc, line 341
[Child 6604, Chrome_Ch[Child 10324, Chrome_ChildThread] WARNING: pipe error: 109: file z:/task_1563378307/build/src/ipc/chromium/src/chrome/common/ipc_channel_win.cc, line 341
[Child 10324, Chr1565426021230	Marionette	INFO	Stopped listening on port 63828
[GPU 1188, C
###!!! [Child][MessageChannel::SendAndWait] Error: Channel error: cannot send/recv

1565426028054	mozrunner::runner	INFO	Running command: "C:\\Program Files (x86)\\Mozilla Firefox\\firefox.exe" "-marionette" "-foreground" "-no-remote" "-profile" "C:\\Users\\SUDHAN~1\\AppData\\Local\\Temp\\rust_mozprofile.MDUFdMWWNU8I"
1565426028851	addons.webextension.screenshots@mozilla.org	WARN	Loading extension 'screenshots@mozilla.org': Reading manifest: Invalid extension permission: mozillaAddons
1565426028852	addons.webextension.screenshots@mozilla.org	WARN	Loading extension 'screenshots@mozilla.org': Reading manifest: Invalid extension permission: telemetry
1565426028852	addons.webextension.screenshots@mozilla.org	WARN	Loading extension 'screenshots@mozilla.org': Reading manifest: Invalid extension permission: resource://pdf.js/
1565426028852	addons.webextension.screenshots@mozilla.org	WARN	Loading extension 'screenshots@mozilla.org': Reading manifest: Invalid extension permission: about:reader*
1565426031867	Marionette	INFO	Listening on port 63901
1565426031883	Marionette	WARN	TLS certificate errors will be ignored for this session
console.warn: LoginRecipes: "getRecipes: falling back to a synchronous message for:" "https://192.168.10.3"
console.warn: nsLoginManager: "searchLogins: `formSubmitURL` or `httpRealm` is recommended"
JavaScript error: resource:///actors/NetErrorChild.jsm, line 784: TypeError: doc.body.getAttribute(...) is null
JavaScript error: resource:///actors/NetErrorChild.jsm, line 784: TypeError: doc.body.getAttribute(...) is null
JavaScript error: resource:///actors/NetErrorChild.jsm, line 784: TypeError: doc.body.getAttribute(...) is null
JavaScript error: resource:///actors/NetErrorChild.jsm, line 784: TypeError: doc.body.getAttribute(...) is null
JavaScript error: resource:///actors/NetErrorChild.jsm, line 784: TypeError: doc.body.getAttribute(...) is null
JavaScript error: resource:///actors/NetErrorChild.jsm, line 784: TypeError: doc.body.getAttribute(...) is null
JavaScript error: resource:///actors/NetErrorChild.jsm, line 784: TypeError: doc.body.getAttribute(...) is null
JavaScript error: resource:///actors/NetErrorChild.jsm, line 784: TypeError: doc.body.getAttribute(...) is null
JavaScript error: resource:///actors/NetErrorChild.jsm, line 784: TypeError: doc.body.getAttribute(...) is null
JavaScript error: resource:///actors/NetErrorChild.jsm, line 784: TypeError: doc.body.getAttribute(...) is null
JavaScript error: resource:///actors/NetErrorChild.jsm, line 784: TypeError: doc.body.getAttribute(...) is null
JavaScript error: resource:///actors/NetErrorChild.jsm, line 784: TypeError: doc.body.getAttribute(...) is null
JavaScript error: resource:///actors/NetErrorChild.jsm, line 784: TypeError: doc.body.getAttribute(...) is null
JavaScript error: resource:///actors/NetErrorChild.jsm, line 784: TypeError: doc.body.getAttribute(...) is null
JavaScript error: resource:///actors/NetErrorChild.jsm, line 784: TypeError: doc.body.getAttribute(...) is null
JavaScript error: resource:///actors/NetErrorChild.jsm, line 784: TypeError: doc.body.getAttribute(...) is null
[Parent 8252, Gecko_IOThread] WARNING: pipe error: 109: file z:/task_1563378307/build/src/ipc/chromium/src/chrome/common/ipc_channel_win.cc, line 341
[C[Child 12868, Chrome_ChildThread] WARNING: pipe error: 109: file z:/task_1563378307/build/src/ipc/chromium/src/chrome/common/ipc_channel_win.cc, line 341
[Child 12868, Chr1565426070168	Marionette	INFO	Stopped listening on port 63901
[GPU 10288, Chr
###!!! [Child][MessageChannel::SendAndWait] Error: Channel error: cannot send/recv

